Determining if the pthread_create exist failed with the following output:
Change Dir: /home/leah/CLionProjects/Reversi/cmake-build-debug/CMakeFiles/CMakeTmp

Run Build Command:"/usr/bin/make" "cmTC_2a1a9/fast"
make[1]: Entering directory '/home/leah/CLionProjects/Reversi/cmake-build-debug/CMakeFiles/CMakeTmp'
/usr/bin/make -f CMakeFiles/cmTC_2a1a9.dir/build.make CMakeFiles/cmTC_2a1a9.dir/build
make[2]: Entering directory '/home/leah/CLionProjects/Reversi/cmake-build-debug/CMakeFiles/CMakeTmp'
Building C object CMakeFiles/cmTC_2a1a9.dir/CheckSymbolExists.c.o
/usr/bin/cc    -o CMakeFiles/cmTC_2a1a9.dir/CheckSymbolExists.c.o   -c /home/leah/CLionProjects/Reversi/cmake-build-debug/CMakeFiles/CMakeTmp/CheckSymbolExists.c
Linking C executable cmTC_2a1a9
/home/leah/Downloads/clion-2017.2.3/bin/cmake/bin/cmake -E cmake_link_script CMakeFiles/cmTC_2a1a9.dir/link.txt --verbose=1
/usr/bin/cc      -rdynamic CMakeFiles/cmTC_2a1a9.dir/CheckSymbolExists.c.o  -o cmTC_2a1a9 
CMakeFiles/cmTC_2a1a9.dir/CheckSymbolExists.c.o: In function `main':
CheckSymbolExists.c:(.text+0x16): undefined reference to `pthread_create'
collect2: error: ld returned 1 exit status
CMakeFiles/cmTC_2a1a9.dir/build.make:97: recipe for target 'cmTC_2a1a9' failed
make[2]: *** [cmTC_2a1a9] Error 1
make[2]: Leaving directory '/home/leah/CLionProjects/Reversi/cmake-build-debug/CMakeFiles/CMakeTmp'
Makefile:126: recipe for target 'cmTC_2a1a9/fast' failed
make[1]: *** [cmTC_2a1a9/fast] Error 2
make[1]: Leaving directory '/home/leah/CLionProjects/Reversi/cmake-build-debug/CMakeFiles/CMakeTmp'

File /home/leah/CLionProjects/Reversi/cmake-build-debug/CMakeFiles/CMakeTmp/CheckSymbolExists.c:
/* */
#include <pthread.h>

int main(int argc, char** argv)
{
  (void)argv;
#ifndef pthread_create
  return ((int*)(&pthread_create))[argc];
#else
  (void)argc;
  return 0;
#endif
}

Determining if the function pthread_create exists in the pthreads failed with the following output:
Change Dir: /home/leah/CLionProjects/Reversi/cmake-build-debug/CMakeFiles/CMakeTmp

Run Build Command:"/usr/bin/make" "cmTC_5db8a/fast"
make[1]: Entering directory '/home/leah/CLionProjects/Reversi/cmake-build-debug/CMakeFiles/CMakeTmp'
/usr/bin/make -f CMakeFiles/cmTC_5db8a.dir/build.make CMakeFiles/cmTC_5db8a.dir/build
make[2]: Entering directory '/home/leah/CLionProjects/Reversi/cmake-build-debug/CMakeFiles/CMakeTmp'
Building C object CMakeFiles/cmTC_5db8a.dir/CheckFunctionExists.c.o
/usr/bin/cc   -DCHECK_FUNCTION_EXISTS=pthread_create   -o CMakeFiles/cmTC_5db8a.dir/CheckFunctionExists.c.o   -c /home/leah/Downloads/clion-2017.2.3/bin/cmake/share/cmake-3.8/Modules/CheckFunctionExists.c
Linking C executable cmTC_5db8a
/home/leah/Downloads/clion-2017.2.3/bin/cmake/bin/cmake -E cmake_link_script CMakeFiles/cmTC_5db8a.dir/link.txt --verbose=1
/usr/bin/cc  -DCHECK_FUNCTION_EXISTS=pthread_create    -rdynamic CMakeFiles/cmTC_5db8a.dir/CheckFunctionExists.c.o  -o cmTC_5db8a -lpthreads 
/usr/bin/ld: cannot find -lpthreads
collect2: error: ld returned 1 exit status
CMakeFiles/cmTC_5db8a.dir/build.make:97: recipe for target 'cmTC_5db8a' failed
make[2]: *** [cmTC_5db8a] Error 1
make[2]: Leaving directory '/home/leah/CLionProjects/Reversi/cmake-build-debug/CMakeFiles/CMakeTmp'
Makefile:126: recipe for target 'cmTC_5db8a/fast' failed
make[1]: *** [cmTC_5db8a/fast] Error 2
make[1]: Leaving directory '/home/leah/CLionProjects/Reversi/cmake-build-debug/CMakeFiles/CMakeTmp'


